00:17:51.071 [main] INFO  c.w.stepdefinitions.BaseDefinition - Starting BaseDefinition using Java 17.0.7 with PID 243572 (D:\Java Notes\JAVA\WebAutomationAssignment\target\classes started by Lenovo in D:\Java Notes\JAVA\WebAutomationAssignment)
00:17:51.117 [main] INFO  c.w.stepdefinitions.BaseDefinition - No active profile set, falling back to 1 default profile: "default"
00:17:51.408 [main] INFO  c.w.stepdefinitions.BaseDefinition - Started BaseDefinition in 0.754 seconds (process running for 6.276)
00:17:51.816 [main] INFO  i.g.bonigarcia.wdm.WebDriverManager - Using chromedriver 124.0.6367.60 (resolved driver for Chrome 124)
00:17:51.895 [main] INFO  i.g.bonigarcia.wdm.WebDriverManager - Exporting webdriver.chrome.driver as C:\Users\Lenovo\.cache\selenium\chromedriver\win64\124.0.6367.60\chromedriver.exe
00:17:55.575 [main] WARN  o.o.s.devtools.CdpVersionFinder - Unable to find an exact match for CDP version 124, returning the closest version; found: 123; Please update to a Selenium version that supports CDP version 124
00:17:57.026 [main] INFO  c.w.stepdefinitions.Hooks - Started scenario: Add a single Iteam to the cart and verify price consistency
00:18:01.066 [main] INFO  c.w.stepdefinitions.Hooks - Driver object initialized and launching web application
00:18:01.073 [main] INFO  c.w.s.SearchProductStepDefinitions - Amazon Page is loaded successfully
00:18:01.075 [main] INFO  c.w.s.SearchProductStepDefinitions - Entring text into search bar
00:18:06.186 [main] INFO  c.w.s.SearchProductStepDefinitions - Saving Product name into ProductWorld: Samsung 24-inch (60.46cm) FHD Flat 1,920 x 1,080 Monitor, IPS, 75 Hz, Bezel Less Design, AMD FreeSync, Flicker Free, HDMI, D-sub, (LS24C310EAWXXL, Black)
00:18:06.395 [main] INFO  c.w.s.SearchProductStepDefinitions - Saving Product price into ProductWorld:7899
00:18:06.518 [main] INFO  c.w.s.ShoppingCartStepDefinitions - Saving cart Product Count into ProductWorld: 0
00:18:18.798 [main] INFO  c.w.s.ShoppingCartStepDefinitions - Iteam added to the card successfully
00:18:20.772 [main] INFO  c.w.s.ShoppingCartStepDefinitions - User clicked on Shopping Cart
00:18:20.835 [main] INFO  c.w.s.ShoppingCartStepDefinitions - Getting actaul product price from cart: 7899
00:18:20.835 [main] INFO  c.w.s.ShoppingCartStepDefinitions - Getting actaul product price from Product word: 7899
00:18:20.839 [main] INFO  c.w.s.ShoppingCartStepDefinitions - Verifying the product price is identical :7899
7899
00:18:20.970 [main] INFO  c.w.s.ShoppingCartStepDefinitions - Cart Product Count is : 1
00:18:20.972 [main] INFO  c.w.s.ShoppingCartStepDefinitions - Product Price is: 7899
00:18:21.086 [main] INFO  c.w.s.ShoppingCartStepDefinitions - Saving Product Subtotal into ProductWorld: 7899
00:18:21.088 [main] INFO  c.w.s.ShoppingCartStepDefinitions - Verifying Product Subtotal on cart: 7899
00:18:21.919 [main] INFO  c.w.stepdefinitions.Hooks - Quitting web Driver object
00:18:21.922 [main] INFO  c.w.stepdefinitions.Hooks - Finished scenario: Add a single Iteam to the cart and verify price consistency
00:18:21.936 [main] WARN  o.s.b.f.s.DisposableBeanAdapter - Custom destroy method 'close' on bean with name 'webDriver' propagated an exception: org.openqa.selenium.NoSuchSessionException: Session ID is null. Using WebDriver after calling quit()?
Build info: version: '4.14.1', revision: '03f8ede370'
System info: os.name: 'Windows 11', os.arch: 'amd64', os.version: '10.0', java.version: '17.0.7'
Driver info: org.openqa.selenium.chrome.ChromeDriver
Command: [null, close {}]
Capabilities {acceptInsecureCerts: false, browserName: chrome, browserVersion: 124.0.6367.60, chrome: {chromedriverVersion: 124.0.6367.60 (8771130bd84f..., userDataDir: C:\Users\Lenovo\AppData\Loc...}, fedcm:accounts: true, goog:chromeOptions: {debuggerAddress: localhost:62051}, networkConnectionEnabled: false, pageLoadStrategy: normal, platformName: windows, proxy: Proxy(), se:cdp: ws://localhost:62051/devtoo..., se:cdpVersion: 124.0.6367.60, setWindowRect: true, strictFileInteractability: false, timeouts: {implicit: 0, pageLoad: 300000, script: 30000}, unhandledPromptBehavior: dismiss and notify, webauthn:extension:credBlob: true, webauthn:extension:largeBlob: true, webauthn:extension:minPinLength: true, webauthn:extension:prf: true, webauthn:virtualAuthenticators: true}
00:18:21.990 [main] INFO  i.g.bonigarcia.wdm.WebDriverManager - Using chromedriver 124.0.6367.60 (resolved driver for Chrome 124)
00:18:22.028 [main] INFO  i.g.bonigarcia.wdm.WebDriverManager - Exporting webdriver.chrome.driver as C:\Users\Lenovo\.cache\selenium\chromedriver\win64\124.0.6367.60\chromedriver.exe
00:18:24.463 [main] WARN  o.o.s.devtools.CdpVersionFinder - Unable to find an exact match for CDP version 124, returning the closest version; found: 123; Please update to a Selenium version that supports CDP version 124
00:18:24.524 [main] INFO  c.w.stepdefinitions.Hooks - Started scenario: Add a single Iteam to the cart and verify price consistency
00:18:28.968 [main] INFO  c.w.stepdefinitions.Hooks - Driver object initialized and launching web application
00:18:28.974 [main] INFO  c.w.s.SearchProductStepDefinitions - Amazon Page is loaded successfully
00:18:28.975 [main] INFO  c.w.s.SearchProductStepDefinitions - Entring text into search bar
00:18:35.016 [main] INFO  c.w.s.SearchProductStepDefinitions - Saving Product name into ProductWorld: Dell 15 Laptop, Intel 12th Gen Core i3-1215U Proc/8GB DDR4/512GB SSD/Intel UHD Graphic/15.6" (38cm) FHD Display/Spill-Resistant Keyboard/Win11+MSO'21/15 Month McAfee/Black/Thin & Light 1.69kg
00:18:35.274 [main] INFO  c.w.s.SearchProductStepDefinitions - Saving Product price into ProductWorld:37490
00:18:35.410 [main] INFO  c.w.s.ShoppingCartStepDefinitions - Saving cart Product Count into ProductWorld: 0
00:18:46.563 [main] ERROR c.w.utilities.ElementActionUtilites - Element By.xpath: //span[@id='submit.add-to-cart'] not clicked within the specified timeout.
00:18:47.336 [main] INFO  c.w.stepdefinitions.Hooks - Quitting web Driver object
00:18:47.336 [main] INFO  c.w.stepdefinitions.Hooks - Finished scenario: Add a single Iteam to the cart and verify price consistency
00:18:47.340 [main] WARN  o.s.b.f.s.DisposableBeanAdapter - Custom destroy method 'close' on bean with name 'webDriver' propagated an exception: org.openqa.selenium.NoSuchSessionException: Session ID is null. Using WebDriver after calling quit()?
Build info: version: '4.14.1', revision: '03f8ede370'
System info: os.name: 'Windows 11', os.arch: 'amd64', os.version: '10.0', java.version: '17.0.7'
Driver info: org.openqa.selenium.chrome.ChromeDriver
Command: [null, close {}]
Capabilities {acceptInsecureCerts: false, browserName: chrome, browserVersion: 124.0.6367.60, chrome: {chromedriverVersion: 124.0.6367.60 (8771130bd84f..., userDataDir: C:\Users\Lenovo\AppData\Loc...}, fedcm:accounts: true, goog:chromeOptions: {debuggerAddress: localhost:62298}, networkConnectionEnabled: false, pageLoadStrategy: normal, platformName: windows, proxy: Proxy(), se:cdp: ws://localhost:62298/devtoo..., se:cdpVersion: 124.0.6367.60, setWindowRect: true, strictFileInteractability: false, timeouts: {implicit: 0, pageLoad: 300000, script: 30000}, unhandledPromptBehavior: dismiss and notify, webauthn:extension:credBlob: true, webauthn:extension:largeBlob: true, webauthn:extension:minPinLength: true, webauthn:extension:prf: true, webauthn:virtualAuthenticators: true}
00:18:47.392 [main] INFO  i.g.bonigarcia.wdm.WebDriverManager - Using chromedriver 124.0.6367.60 (resolved driver for Chrome 124)
00:18:47.411 [main] INFO  i.g.bonigarcia.wdm.WebDriverManager - Exporting webdriver.chrome.driver as C:\Users\Lenovo\.cache\selenium\chromedriver\win64\124.0.6367.60\chromedriver.exe
00:18:50.293 [main] WARN  o.o.s.devtools.CdpVersionFinder - Unable to find an exact match for CDP version 124, returning the closest version; found: 123; Please update to a Selenium version that supports CDP version 124
00:18:50.313 [main] INFO  c.w.stepdefinitions.Hooks - Started scenario: Add a multiple product to the cart and verify price consistency
00:18:54.184 [main] INFO  c.w.stepdefinitions.Hooks - Driver object initialized and launching web application
00:18:54.186 [main] INFO  c.w.s.SearchProductStepDefinitions - Amazon Page is loaded successfully
00:18:54.188 [main] INFO  c.w.s.SearchProductStepDefinitions - Entring text into search bar
00:18:58.345 [main] INFO  c.w.s.SearchProductStepDefinitions - Saving Product name into ProductWorld: JBL Tune 770NC Wireless Over Ear ANC Headphones with Mic, Upto 70 Hrs Playtime, Speedcharge, Google Fast Pair, Dual Pairing, BT 5.3 LE Audio, Customize on Headphones App (Black)
00:18:58.426 [main] INFO  c.w.s.SearchProductStepDefinitions - Saving Product price into ProductWorld:6498
00:18:58.534 [main] INFO  c.w.s.ShoppingCartStepDefinitions - Saving cart Product Count into ProductWorld: 0
00:19:17.130 [main] INFO  c.w.s.ShoppingCartStepDefinitions - Iteam added to the card successfully
00:19:17.133 [main] INFO  c.w.s.SearchProductStepDefinitions - Entring text into search bar
00:19:19.833 [main] INFO  c.w.s.SearchProductStepDefinitions - Saving Product name into ProductWorld: Dell KB216 Multimedia USB Wired Keyboard with Plunger Keys and is Spill-Resistant - Black
00:19:19.867 [main] INFO  c.w.s.SearchProductStepDefinitions - Saving Product price into ProductWorld:569
00:19:20.001 [main] INFO  c.w.s.ShoppingCartStepDefinitions - Saving cart Product Count into ProductWorld: 0
00:19:34.093 [main] INFO  c.w.s.ShoppingCartStepDefinitions - Iteam added to the card successfully
00:19:35.422 [main] INFO  c.w.s.ShoppingCartStepDefinitions - User clicked on Shopping Cart
00:19:35.494 [main] INFO  c.w.s.ShoppingCartStepDefinitions - Getting actaul product price from cart: 569
00:19:35.494 [main] INFO  c.w.s.ShoppingCartStepDefinitions - Getting actaul product price from Product word: 569
00:19:35.495 [main] INFO  c.w.s.ShoppingCartStepDefinitions - Verifying the product price is identical :569
569
00:19:35.609 [main] INFO  c.w.s.ShoppingCartStepDefinitions - Cart Product Count is : 1
00:19:35.611 [main] INFO  c.w.s.ShoppingCartStepDefinitions - Product Price is: 569
00:19:35.772 [main] INFO  c.w.s.ShoppingCartStepDefinitions - Saving Product Subtotal into ProductWorld: 569
00:19:35.773 [main] INFO  c.w.s.ShoppingCartStepDefinitions - Verifying Product Subtotal on cart: 7067
00:19:38.108 [main] INFO  c.w.stepdefinitions.Hooks - Quitting web Driver object
00:19:38.109 [main] INFO  c.w.stepdefinitions.Hooks - Finished scenario: Add a multiple product to the cart and verify price consistency
00:19:38.112 [main] WARN  o.s.b.f.s.DisposableBeanAdapter - Custom destroy method 'close' on bean with name 'webDriver' propagated an exception: org.openqa.selenium.NoSuchSessionException: Session ID is null. Using WebDriver after calling quit()?
Build info: version: '4.14.1', revision: '03f8ede370'
System info: os.name: 'Windows 11', os.arch: 'amd64', os.version: '10.0', java.version: '17.0.7'
Driver info: org.openqa.selenium.chrome.ChromeDriver
Command: [null, close {}]
Capabilities {acceptInsecureCerts: false, browserName: chrome, browserVersion: 124.0.6367.60, chrome: {chromedriverVersion: 124.0.6367.60 (8771130bd84f..., userDataDir: C:\Users\Lenovo\AppData\Loc...}, fedcm:accounts: true, goog:chromeOptions: {debuggerAddress: localhost:62498}, networkConnectionEnabled: false, pageLoadStrategy: normal, platformName: windows, proxy: Proxy(), se:cdp: ws://localhost:62498/devtoo..., se:cdpVersion: 124.0.6367.60, setWindowRect: true, strictFileInteractability: false, timeouts: {implicit: 0, pageLoad: 300000, script: 30000}, unhandledPromptBehavior: dismiss and notify, webauthn:extension:credBlob: true, webauthn:extension:largeBlob: true, webauthn:extension:minPinLength: true, webauthn:extension:prf: true, webauthn:virtualAuthenticators: true}
00:32:27.189 [main] INFO  org.testng.internal.Utils - [TestNG] Running:
  C:\Users\Lenovo\AppData\Local\JetBrains\IdeaIC2022.3\temp-testng-customsuite.xml

00:32:30.294 [main] INFO  c.w.stepdefinitions.BaseDefinition - Starting BaseDefinition using Java 17.0.7 with PID 86264 (D:\Java Notes\JAVA\WebAutomationAssignment\target\classes started by Lenovo in D:\Java Notes\JAVA\WebAutomationAssignment)
00:32:30.301 [main] INFO  c.w.stepdefinitions.BaseDefinition - No active profile set, falling back to 1 default profile: "default"
00:32:30.826 [main] INFO  c.w.stepdefinitions.BaseDefinition - Started BaseDefinition in 1.258 seconds (process running for 7.013)
00:32:31.584 [main] INFO  i.g.bonigarcia.wdm.WebDriverManager - Using chromedriver 124.0.6367.60 (resolved driver for Chrome 124)
00:32:31.682 [main] INFO  i.g.bonigarcia.wdm.WebDriverManager - Exporting webdriver.chrome.driver as C:\Users\Lenovo\.cache\selenium\chromedriver\win64\124.0.6367.60\chromedriver.exe
00:32:37.436 [main] WARN  o.o.s.devtools.CdpVersionFinder - Unable to find an exact match for CDP version 124, returning the closest version; found: 123; Please update to a Selenium version that supports CDP version 124
00:32:40.865 [main] INFO  c.w.stepdefinitions.Hooks - Started scenario: Add a single Iteam to the cart and verify price consistency
00:32:45.113 [main] INFO  c.w.stepdefinitions.Hooks - Driver object initialized and launching web application
00:32:45.124 [main] INFO  c.w.s.SearchProductStepDefinitions - Amazon Page is loaded successfully
00:32:45.127 [main] INFO  c.w.s.SearchProductStepDefinitions - Entring text into search bar
00:32:52.217 [main] INFO  c.w.s.SearchProductStepDefinitions - Saving Product name into ProductWorld: Samsung 24-inch (60.46cm) FHD Flat 1,920 x 1,080 Monitor, IPS, 75 Hz, Bezel Less Design, AMD FreeSync, Flicker Free, HDMI, D-sub, (LS24C310EAWXXL, Black)
00:32:52.519 [main] INFO  c.w.s.SearchProductStepDefinitions - Saving Product price into ProductWorld:7899
00:32:52.924 [main] INFO  c.w.s.ShoppingCartStepDefinitions - Saving cart Product Count into ProductWorld: 0
00:33:07.493 [main] INFO  c.w.s.ShoppingCartStepDefinitions - Iteam added to the card successfully
00:33:08.810 [main] INFO  c.w.s.ShoppingCartStepDefinitions - User clicked on Shopping Cart
00:33:08.879 [main] INFO  c.w.s.ShoppingCartStepDefinitions - Getting actaul product price from cart: 7899
00:33:08.881 [main] INFO  c.w.s.ShoppingCartStepDefinitions - Getting actaul product price from Product word: 7899
00:33:08.886 [main] INFO  c.w.s.ShoppingCartStepDefinitions - Verifying the product price is identical :7899
7899
00:33:08.969 [main] INFO  c.w.s.ShoppingCartStepDefinitions - Cart Product Count is : 1
00:33:08.969 [main] INFO  c.w.s.ShoppingCartStepDefinitions - Product Price is: 7899
00:33:09.088 [main] INFO  c.w.s.ShoppingCartStepDefinitions - Saving Product Subtotal into ProductWorld: 7899
00:33:09.094 [main] INFO  c.w.s.ShoppingCartStepDefinitions - Verifying Product Subtotal on cart: 7899
00:33:10.002 [main] INFO  c.w.stepdefinitions.Hooks - Quitting web Driver object
00:33:10.002 [main] INFO  c.w.stepdefinitions.Hooks - Finished scenario: Add a single Iteam to the cart and verify price consistency
00:33:10.016 [main] WARN  o.s.b.f.s.DisposableBeanAdapter - Custom destroy method 'close' on bean with name 'webDriver' propagated an exception: org.openqa.selenium.NoSuchSessionException: Session ID is null. Using WebDriver after calling quit()?
Build info: version: '4.14.1', revision: '03f8ede370'
System info: os.name: 'Windows 11', os.arch: 'amd64', os.version: '10.0', java.version: '17.0.7'
Driver info: org.openqa.selenium.chrome.ChromeDriver
Command: [null, close {}]
Capabilities {acceptInsecureCerts: false, browserName: chrome, browserVersion: 124.0.6367.60, chrome: {chromedriverVersion: 124.0.6367.60 (8771130bd84f..., userDataDir: C:\Users\Lenovo\AppData\Loc...}, fedcm:accounts: true, goog:chromeOptions: {debuggerAddress: localhost:63927}, networkConnectionEnabled: false, pageLoadStrategy: normal, platformName: windows, proxy: Proxy(), se:cdp: ws://localhost:63927/devtoo..., se:cdpVersion: 124.0.6367.60, setWindowRect: true, strictFileInteractability: false, timeouts: {implicit: 0, pageLoad: 300000, script: 30000}, unhandledPromptBehavior: dismiss and notify, webauthn:extension:credBlob: true, webauthn:extension:largeBlob: true, webauthn:extension:minPinLength: true, webauthn:extension:prf: true, webauthn:virtualAuthenticators: true}
00:33:10.154 [main] INFO  i.g.bonigarcia.wdm.WebDriverManager - Using chromedriver 124.0.6367.60 (resolved driver for Chrome 124)
00:33:10.197 [main] INFO  i.g.bonigarcia.wdm.WebDriverManager - Exporting webdriver.chrome.driver as C:\Users\Lenovo\.cache\selenium\chromedriver\win64\124.0.6367.60\chromedriver.exe
00:33:12.917 [main] WARN  o.o.s.devtools.CdpVersionFinder - Unable to find an exact match for CDP version 124, returning the closest version; found: 123; Please update to a Selenium version that supports CDP version 124
00:33:12.964 [main] INFO  c.w.stepdefinitions.Hooks - Started scenario: Add a single Iteam to the cart and verify price consistency
00:33:16.999 [main] INFO  c.w.stepdefinitions.Hooks - Driver object initialized and launching web application
00:33:17.009 [main] INFO  c.w.s.SearchProductStepDefinitions - Amazon Page is loaded successfully
00:33:17.011 [main] INFO  c.w.s.SearchProductStepDefinitions - Entring text into search bar
00:33:20.182 [main] INFO  c.w.s.SearchProductStepDefinitions - Saving Product name into ProductWorld: Dell 15 Laptop, Intel 12th Gen Core i3-1215U Proc/8GB DDR4/512GB SSD/Intel UHD Graphic/15.6" (38cm) FHD Display/Spill-Resistant Keyboard/Win11+MSO'21/15 Month McAfee/Black/Thin & Light 1.69kg
00:33:20.347 [main] INFO  c.w.s.SearchProductStepDefinitions - Saving Product price into ProductWorld:37490
00:33:20.457 [main] INFO  c.w.s.ShoppingCartStepDefinitions - Saving cart Product Count into ProductWorld: 0
00:33:31.349 [main] ERROR c.w.utilities.ElementActionUtilites - Element By.xpath: //span[@id='submit.add-to-cart'] not clicked within the specified timeout.
00:33:33.130 [main] INFO  c.w.stepdefinitions.Hooks - Quitting web Driver object
00:33:33.131 [main] INFO  c.w.stepdefinitions.Hooks - Finished scenario: Add a single Iteam to the cart and verify price consistency
00:33:33.134 [main] WARN  o.s.b.f.s.DisposableBeanAdapter - Custom destroy method 'close' on bean with name 'webDriver' propagated an exception: org.openqa.selenium.NoSuchSessionException: Session ID is null. Using WebDriver after calling quit()?
Build info: version: '4.14.1', revision: '03f8ede370'
System info: os.name: 'Windows 11', os.arch: 'amd64', os.version: '10.0', java.version: '17.0.7'
Driver info: org.openqa.selenium.chrome.ChromeDriver
Command: [null, close {}]
Capabilities {acceptInsecureCerts: false, browserName: chrome, browserVersion: 124.0.6367.60, chrome: {chromedriverVersion: 124.0.6367.60 (8771130bd84f..., userDataDir: C:\Users\Lenovo\AppData\Loc...}, fedcm:accounts: true, goog:chromeOptions: {debuggerAddress: localhost:64154}, networkConnectionEnabled: false, pageLoadStrategy: normal, platformName: windows, proxy: Proxy(), se:cdp: ws://localhost:64154/devtoo..., se:cdpVersion: 124.0.6367.60, setWindowRect: true, strictFileInteractability: false, timeouts: {implicit: 0, pageLoad: 300000, script: 30000}, unhandledPromptBehavior: dismiss and notify, webauthn:extension:credBlob: true, webauthn:extension:largeBlob: true, webauthn:extension:minPinLength: true, webauthn:extension:prf: true, webauthn:virtualAuthenticators: true}
00:33:33.192 [main] INFO  i.g.bonigarcia.wdm.WebDriverManager - Using chromedriver 124.0.6367.60 (resolved driver for Chrome 124)
00:33:33.235 [main] INFO  i.g.bonigarcia.wdm.WebDriverManager - Exporting webdriver.chrome.driver as C:\Users\Lenovo\.cache\selenium\chromedriver\win64\124.0.6367.60\chromedriver.exe
00:33:35.356 [main] WARN  o.o.s.devtools.CdpVersionFinder - Unable to find an exact match for CDP version 124, returning the closest version; found: 123; Please update to a Selenium version that supports CDP version 124
00:33:35.374 [main] INFO  c.w.stepdefinitions.Hooks - Started scenario: Add a multiple product to the cart and verify price consistency
00:33:37.689 [main] INFO  c.w.stepdefinitions.Hooks - Driver object initialized and launching web application
00:33:37.704 [main] INFO  c.w.s.SearchProductStepDefinitions - Amazon Page is loaded successfully
00:33:37.704 [main] INFO  c.w.s.SearchProductStepDefinitions - Entring text into search bar
00:33:41.817 [main] INFO  c.w.s.SearchProductStepDefinitions - Saving Product name into ProductWorld: soundcore by Anker, Space One, Active Noise Cancelling Headphones, 2X Stronger Voice Reduction, 40H ANC Playtime, App Control, LDAC Hi-Res Wireless Audio, Comfortable Fit, Clear Calls, Bluetooth 5.3
00:33:41.851 [main] INFO  c.w.s.SearchProductStepDefinitions - Saving Product price into ProductWorld:8999
00:33:41.948 [main] INFO  c.w.s.ShoppingCartStepDefinitions - Saving cart Product Count into ProductWorld: 0
00:33:55.152 [main] INFO  c.w.s.ShoppingCartStepDefinitions - Iteam added to the card successfully
00:33:55.155 [main] INFO  c.w.s.SearchProductStepDefinitions - Entring text into search bar
00:34:00.996 [main] INFO  c.w.s.SearchProductStepDefinitions - Saving Product name into ProductWorld: Dell KB216 Multimedia USB Wired Keyboard with Plunger Keys and is Spill-Resistant - Black
00:34:01.069 [main] INFO  c.w.s.SearchProductStepDefinitions - Saving Product price into ProductWorld:569
00:34:01.177 [main] INFO  c.w.s.ShoppingCartStepDefinitions - Saving cart Product Count into ProductWorld: 1
00:34:15.275 [main] INFO  c.w.s.ShoppingCartStepDefinitions - Iteam added to the card successfully
00:34:16.816 [main] INFO  c.w.s.ShoppingCartStepDefinitions - User clicked on Shopping Cart
00:34:16.880 [main] INFO  c.w.s.ShoppingCartStepDefinitions - Getting actaul product price from cart: 569
00:34:16.880 [main] INFO  c.w.s.ShoppingCartStepDefinitions - Getting actaul product price from Product word: 569
00:34:16.880 [main] INFO  c.w.s.ShoppingCartStepDefinitions - Verifying the product price is identical :569
569
00:34:16.964 [main] INFO  c.w.s.ShoppingCartStepDefinitions - Cart Product Count is : 2
00:34:16.965 [main] INFO  c.w.s.ShoppingCartStepDefinitions - Product Price is: 569
00:34:17.026 [main] INFO  c.w.s.ShoppingCartStepDefinitions - Saving Product Subtotal into ProductWorld: 9568
00:34:17.026 [main] INFO  c.w.s.ShoppingCartStepDefinitions - Verifying Product Subtotal on cart: 9568
00:34:18.534 [main] INFO  c.w.stepdefinitions.Hooks - Quitting web Driver object
00:34:18.534 [main] INFO  c.w.stepdefinitions.Hooks - Finished scenario: Add a multiple product to the cart and verify price consistency
00:34:18.537 [main] WARN  o.s.b.f.s.DisposableBeanAdapter - Custom destroy method 'close' on bean with name 'webDriver' propagated an exception: org.openqa.selenium.NoSuchSessionException: Session ID is null. Using WebDriver after calling quit()?
Build info: version: '4.14.1', revision: '03f8ede370'
System info: os.name: 'Windows 11', os.arch: 'amd64', os.version: '10.0', java.version: '17.0.7'
Driver info: org.openqa.selenium.chrome.ChromeDriver
Command: [null, close {}]
Capabilities {acceptInsecureCerts: false, browserName: chrome, browserVersion: 124.0.6367.60, chrome: {chromedriverVersion: 124.0.6367.60 (8771130bd84f..., userDataDir: C:\Users\Lenovo\AppData\Loc...}, fedcm:accounts: true, goog:chromeOptions: {debuggerAddress: localhost:64308}, networkConnectionEnabled: false, pageLoadStrategy: normal, platformName: windows, proxy: Proxy(), se:cdp: ws://localhost:64308/devtoo..., se:cdpVersion: 124.0.6367.60, setWindowRect: true, strictFileInteractability: false, timeouts: {implicit: 0, pageLoad: 300000, script: 30000}, unhandledPromptBehavior: dismiss and notify, webauthn:extension:credBlob: true, webauthn:extension:largeBlob: true, webauthn:extension:minPinLength: true, webauthn:extension:prf: true, webauthn:virtualAuthenticators: true}
00:44:59.734 [main] INFO  c.w.stepdefinitions.BaseDefinition - Starting BaseDefinition using Java 17.0.7 with PID 239128 (D:\Java Notes\JAVA\WebAutomationAssignment\target\classes started by Lenovo in D:\Java Notes\JAVA\WebAutomationAssignment)
00:44:59.847 [main] INFO  c.w.stepdefinitions.BaseDefinition - No active profile set, falling back to 1 default profile: "default"
00:45:00.284 [main] INFO  c.w.stepdefinitions.BaseDefinition - Started BaseDefinition in 1.011 seconds (process running for 3.557)
00:45:00.727 [main] INFO  i.g.bonigarcia.wdm.WebDriverManager - Using chromedriver 124.0.6367.60 (resolved driver for Chrome 124)
00:45:00.880 [main] INFO  i.g.bonigarcia.wdm.WebDriverManager - Exporting webdriver.chrome.driver as C:\Users\Lenovo\.cache\selenium\chromedriver\win64\124.0.6367.60\chromedriver.exe
00:45:04.730 [main] WARN  o.o.s.devtools.CdpVersionFinder - Unable to find an exact match for CDP version 124, returning the closest version; found: 123; Please update to a Selenium version that supports CDP version 124
00:45:08.271 [main] INFO  c.w.stepdefinitions.Hooks - Started scenario: Add a single Iteam to the cart and verify price consistency
00:45:21.568 [main] INFO  c.w.stepdefinitions.Hooks - Driver object initialized and launching web application
00:45:21.587 [main] INFO  c.w.s.SearchProductStepDefinitions - Amazon Page is loaded successfully
00:45:21.591 [main] INFO  c.w.s.SearchProductStepDefinitions - Entring text into search bar
00:45:26.640 [main] INFO  c.w.s.SearchProductStepDefinitions - Saving Product name into ProductWorld: Samsung 24-inch (60.46cm) FHD Flat 1,920 x 1,080 Monitor, IPS, 75 Hz, Bezel Less Design, AMD FreeSync, Flicker Free, HDMI, D-sub, (LS24C310EAWXXL, Black)
00:45:27.186 [main] INFO  c.w.s.SearchProductStepDefinitions - Saving Product price into ProductWorld:7899
00:45:27.334 [main] INFO  c.w.s.ShoppingCartStepDefinitions - Saving cart Product Count into ProductWorld: 0
00:45:41.797 [main] INFO  c.w.s.ShoppingCartStepDefinitions - Iteam added to the card successfully
00:45:44.014 [main] INFO  c.w.s.ShoppingCartStepDefinitions - User clicked on Shopping Cart
00:45:44.100 [main] INFO  c.w.s.ShoppingCartStepDefinitions - Getting actaul product price from cart: 7899
00:45:44.100 [main] INFO  c.w.s.ShoppingCartStepDefinitions - Getting actaul product price from Product word: 7899
00:45:44.110 [main] INFO  c.w.s.ShoppingCartStepDefinitions - Verifying the product price is identical :7899
7899
00:45:44.278 [main] INFO  c.w.s.ShoppingCartStepDefinitions - Cart Product Count is : 1
00:45:44.280 [main] INFO  c.w.s.ShoppingCartStepDefinitions - Product Price is: 7899
00:45:44.372 [main] INFO  c.w.s.ShoppingCartStepDefinitions - Saving Product Subtotal into ProductWorld: 7899
00:45:44.372 [main] INFO  c.w.s.ShoppingCartStepDefinitions - Verifying Product Subtotal on cart: 7899
00:45:45.527 [main] INFO  c.w.stepdefinitions.Hooks - Quitting web Driver object
00:45:45.528 [main] INFO  c.w.stepdefinitions.Hooks - Finished scenario: Add a single Iteam to the cart and verify price consistency
00:45:45.540 [main] WARN  o.s.b.f.s.DisposableBeanAdapter - Custom destroy method 'close' on bean with name 'webDriver' propagated an exception: org.openqa.selenium.NoSuchSessionException: Session ID is null. Using WebDriver after calling quit()?
Build info: version: '4.14.1', revision: '03f8ede370'
System info: os.name: 'Windows 11', os.arch: 'amd64', os.version: '10.0', java.version: '17.0.7'
Driver info: org.openqa.selenium.chrome.ChromeDriver
Command: [null, close {}]
Capabilities {acceptInsecureCerts: false, browserName: chrome, browserVersion: 124.0.6367.60, chrome: {chromedriverVersion: 124.0.6367.60 (8771130bd84f..., userDataDir: C:\Users\Lenovo\AppData\Loc...}, fedcm:accounts: true, goog:chromeOptions: {debuggerAddress: localhost:65101}, networkConnectionEnabled: false, pageLoadStrategy: normal, platformName: windows, proxy: Proxy(), se:cdp: ws://localhost:65101/devtoo..., se:cdpVersion: 124.0.6367.60, setWindowRect: true, strictFileInteractability: false, timeouts: {implicit: 0, pageLoad: 300000, script: 30000}, unhandledPromptBehavior: dismiss and notify, webauthn:extension:credBlob: true, webauthn:extension:largeBlob: true, webauthn:extension:minPinLength: true, webauthn:extension:prf: true, webauthn:virtualAuthenticators: true}
00:45:45.616 [main] INFO  i.g.bonigarcia.wdm.WebDriverManager - Using chromedriver 124.0.6367.60 (resolved driver for Chrome 124)
00:45:45.688 [main] INFO  i.g.bonigarcia.wdm.WebDriverManager - Exporting webdriver.chrome.driver as C:\Users\Lenovo\.cache\selenium\chromedriver\win64\124.0.6367.60\chromedriver.exe
00:45:48.306 [main] WARN  o.o.s.devtools.CdpVersionFinder - Unable to find an exact match for CDP version 124, returning the closest version; found: 123; Please update to a Selenium version that supports CDP version 124
00:45:48.354 [main] INFO  c.w.stepdefinitions.Hooks - Started scenario: Add a single Iteam to the cart and verify price consistency
00:45:52.050 [main] INFO  c.w.stepdefinitions.Hooks - Driver object initialized and launching web application
00:45:52.058 [main] INFO  c.w.s.SearchProductStepDefinitions - Amazon Page is loaded successfully
00:45:52.064 [main] INFO  c.w.s.SearchProductStepDefinitions - Entring text into search bar
00:45:59.482 [main] INFO  c.w.s.SearchProductStepDefinitions - Saving Product name into ProductWorld: Dell 15 Laptop, Intel 12th Gen Core i3-1215U Proc/8GB DDR4/512GB SSD/Intel UHD Graphic/15.6" (38cm) FHD Display/Spill-Resistant Keyboard/Win11+MSO'21/15 Month McAfee/Black/Thin & Light 1.69kg
00:45:59.558 [main] INFO  c.w.s.SearchProductStepDefinitions - Saving Product price into ProductWorld:37490
00:45:59.682 [main] INFO  c.w.s.ShoppingCartStepDefinitions - Saving cart Product Count into ProductWorld: 0
00:46:10.628 [main] ERROR c.w.utilities.ElementActionUtilites - Element By.xpath: //span[@id='submit.add-to-cart'] not clicked within the specified timeout.
00:46:15.822 [main] INFO  c.w.stepdefinitions.Hooks - Quitting web Driver object
00:46:15.823 [main] INFO  c.w.stepdefinitions.Hooks - Finished scenario: Add a single Iteam to the cart and verify price consistency
00:46:15.827 [main] WARN  o.s.b.f.s.DisposableBeanAdapter - Custom destroy method 'close' on bean with name 'webDriver' propagated an exception: org.openqa.selenium.NoSuchSessionException: Session ID is null. Using WebDriver after calling quit()?
Build info: version: '4.14.1', revision: '03f8ede370'
System info: os.name: 'Windows 11', os.arch: 'amd64', os.version: '10.0', java.version: '17.0.7'
Driver info: org.openqa.selenium.chrome.ChromeDriver
Command: [null, close {}]
Capabilities {acceptInsecureCerts: false, browserName: chrome, browserVersion: 124.0.6367.60, chrome: {chromedriverVersion: 124.0.6367.60 (8771130bd84f..., userDataDir: C:\Users\Lenovo\AppData\Loc...}, fedcm:accounts: true, goog:chromeOptions: {debuggerAddress: localhost:65331}, networkConnectionEnabled: false, pageLoadStrategy: normal, platformName: windows, proxy: Proxy(), se:cdp: ws://localhost:65331/devtoo..., se:cdpVersion: 124.0.6367.60, setWindowRect: true, strictFileInteractability: false, timeouts: {implicit: 0, pageLoad: 300000, script: 30000}, unhandledPromptBehavior: dismiss and notify, webauthn:extension:credBlob: true, webauthn:extension:largeBlob: true, webauthn:extension:minPinLength: true, webauthn:extension:prf: true, webauthn:virtualAuthenticators: true}
00:46:15.882 [main] INFO  i.g.bonigarcia.wdm.WebDriverManager - Using chromedriver 124.0.6367.60 (resolved driver for Chrome 124)
00:46:15.933 [main] INFO  i.g.bonigarcia.wdm.WebDriverManager - Exporting webdriver.chrome.driver as C:\Users\Lenovo\.cache\selenium\chromedriver\win64\124.0.6367.60\chromedriver.exe
00:46:19.015 [main] WARN  o.o.s.devtools.CdpVersionFinder - Unable to find an exact match for CDP version 124, returning the closest version; found: 123; Please update to a Selenium version that supports CDP version 124
00:46:19.044 [main] INFO  c.w.stepdefinitions.Hooks - Started scenario: Add a multiple product to the cart and verify price consistency
00:46:27.476 [main] INFO  c.w.stepdefinitions.Hooks - Driver object initialized and launching web application
00:46:27.478 [main] INFO  c.w.s.SearchProductStepDefinitions - Amazon Page is loaded successfully
00:46:27.478 [main] INFO  c.w.s.SearchProductStepDefinitions - Entring text into search bar
00:46:33.227 [main] INFO  c.w.s.SearchProductStepDefinitions - Saving Product name into ProductWorld: soundcore by Anker, Space One, Active Noise Cancelling Headphones, 2X Stronger Voice Reduction, 40H ANC Playtime, App Control, LDAC Hi-Res Wireless Audio, Comfortable Fit, Clear Calls, Bluetooth 5.3
00:46:33.327 [main] INFO  c.w.s.SearchProductStepDefinitions - Saving Product price into ProductWorld:8999
00:46:33.413 [main] INFO  c.w.s.ShoppingCartStepDefinitions - Saving cart Product Count into ProductWorld: 0
00:46:43.229 [main] INFO  c.w.s.ShoppingCartStepDefinitions - Iteam added to the card successfully
00:46:43.231 [main] INFO  c.w.s.SearchProductStepDefinitions - Entring text into search bar
00:46:46.444 [main] INFO  c.w.s.SearchProductStepDefinitions - Saving Product name into ProductWorld: HP K160 Wireless Keyboard/Quick Comfy accurate/12 Fn Shortcut Keys/Plug and Play USB/ 3 Years Warranty, Black
00:46:46.498 [main] INFO  c.w.s.SearchProductStepDefinitions - Saving Product price into ProductWorld:799
00:46:46.583 [main] INFO  c.w.s.ShoppingCartStepDefinitions - Saving cart Product Count into ProductWorld: 1
00:47:03.820 [main] INFO  c.w.s.ShoppingCartStepDefinitions - Iteam added to the card successfully
00:47:05.287 [main] INFO  c.w.s.ShoppingCartStepDefinitions - User clicked on Shopping Cart
00:47:05.408 [main] INFO  c.w.s.ShoppingCartStepDefinitions - Getting actaul product price from cart: 799
00:47:05.408 [main] INFO  c.w.s.ShoppingCartStepDefinitions - Getting actaul product price from Product word: 799
00:47:05.408 [main] INFO  c.w.s.ShoppingCartStepDefinitions - Verifying the product price is identical :799
799
00:47:05.510 [main] INFO  c.w.s.ShoppingCartStepDefinitions - Cart Product Count is : 2
00:47:05.510 [main] INFO  c.w.s.ShoppingCartStepDefinitions - Product Price is: 799
00:47:05.564 [main] INFO  c.w.s.ShoppingCartStepDefinitions - Saving Product Subtotal into ProductWorld: 9798
00:47:05.565 [main] INFO  c.w.s.ShoppingCartStepDefinitions - Verifying Product Subtotal on cart: 9798
00:47:07.472 [main] INFO  c.w.stepdefinitions.Hooks - Quitting web Driver object
00:47:07.474 [main] INFO  c.w.stepdefinitions.Hooks - Finished scenario: Add a multiple product to the cart and verify price consistency
00:47:07.481 [main] WARN  o.s.b.f.s.DisposableBeanAdapter - Custom destroy method 'close' on bean with name 'webDriver' propagated an exception: org.openqa.selenium.NoSuchSessionException: Session ID is null. Using WebDriver after calling quit()?
Build info: version: '4.14.1', revision: '03f8ede370'
System info: os.name: 'Windows 11', os.arch: 'amd64', os.version: '10.0', java.version: '17.0.7'
Driver info: org.openqa.selenium.chrome.ChromeDriver
Command: [null, close {}]
Capabilities {acceptInsecureCerts: false, browserName: chrome, browserVersion: 124.0.6367.60, chrome: {chromedriverVersion: 124.0.6367.60 (8771130bd84f..., userDataDir: C:\Users\Lenovo\AppData\Loc...}, fedcm:accounts: true, goog:chromeOptions: {debuggerAddress: localhost:49152}, networkConnectionEnabled: false, pageLoadStrategy: normal, platformName: windows, proxy: Proxy(), se:cdp: ws://localhost:49152/devtoo..., se:cdpVersion: 124.0.6367.60, setWindowRect: true, strictFileInteractability: false, timeouts: {implicit: 0, pageLoad: 300000, script: 30000}, unhandledPromptBehavior: dismiss and notify, webauthn:extension:credBlob: true, webauthn:extension:largeBlob: true, webauthn:extension:minPinLength: true, webauthn:extension:prf: true, webauthn:virtualAuthenticators: true}
13:32:34.307 [main] INFO  c.w.stepdefinitions.BaseDefinition - Starting BaseDefinition using Java 17.0.7 with PID 237140 (D:\Java Notes\JAVA\WebAutomationAssignment\target\classes started by Lenovo in D:\Java Notes\JAVA\WebAutomationAssignment)
13:32:34.375 [main] INFO  c.w.stepdefinitions.BaseDefinition - No active profile set, falling back to 1 default profile: "default"
13:32:34.652 [main] INFO  c.w.stepdefinitions.BaseDefinition - Started BaseDefinition in 0.754 seconds (process running for 4.312)
13:32:37.543 [main] INFO  i.g.bonigarcia.wdm.WebDriverManager - Using chromedriver 124.0.6367.60 (resolved driver for Chrome 124)
13:32:37.590 [main] INFO  i.g.bonigarcia.wdm.WebDriverManager - Exporting webdriver.chrome.driver as C:\Users\Lenovo\.cache\selenium\chromedriver\win64\124.0.6367.60\chromedriver.exe
13:32:40.641 [main] WARN  o.o.s.devtools.CdpVersionFinder - Unable to find an exact match for CDP version 124, returning the closest version; found: 123; Please update to a Selenium version that supports CDP version 124
13:32:41.859 [main] INFO  c.w.stepdefinitions.Hooks - Started scenario: Add a single Iteam to the cart and verify price consistency
13:32:49.918 [main] INFO  c.w.stepdefinitions.Hooks - Driver object initialized and launching web application
13:32:49.936 [main] INFO  c.w.s.SearchProductStepDefinitions - Amazon Page is loaded successfully
13:32:49.955 [main] INFO  c.w.s.SearchProductStepDefinitions - Entring text into search bar
13:32:53.042 [main] INFO  c.w.s.SearchProductStepDefinitions - Saving Product name into ProductWorld: HP M22f 21.5-inches, 54.6 cm, FHD Monitor Eye Safe Certified Full HD IPS 3-Sided Micro-Edge Monitor, 75Hz, AMD Free Sync with 1xVGA, 1xHDMI 1.4 Ports, 300 nits (Silver, 1920 x 1080 Pixels)
13:32:53.101 [main] INFO  c.w.s.SearchProductStepDefinitions - Saving Product price into ProductWorld:9099
13:32:53.182 [main] INFO  c.w.s.ShoppingCartStepDefinitions - Saving cart Product Count into ProductWorld: 0
13:33:06.549 [main] INFO  c.w.s.ShoppingCartStepDefinitions - Iteam added to the card successfully
13:33:07.550 [main] INFO  c.w.s.ShoppingCartStepDefinitions - User clicked on Shopping Cart
13:33:17.740 [main] ERROR c.w.utilities.ElementActionUtilites - Element By.xpath: //div[@class='a-section a-spacing-mini sc-list-body sc-java-remote-feature']//div[@class='a-row sc-list-item sc-java-remote-feature'][1]//span[@class='a-size-medium a-color-base sc-price sc-white-space-nowrap sc-product-price a-text-bold'] not present within the specified timeout.
13:33:18.531 [main] INFO  c.w.stepdefinitions.Hooks - Quitting web Driver object
13:33:18.532 [main] INFO  c.w.stepdefinitions.Hooks - Finished scenario: Add a single Iteam to the cart and verify price consistency
13:33:18.546 [main] WARN  o.s.b.f.s.DisposableBeanAdapter - Custom destroy method 'close' on bean with name 'webDriver' propagated an exception: org.openqa.selenium.NoSuchSessionException: Session ID is null. Using WebDriver after calling quit()?
Build info: version: '4.14.1', revision: '03f8ede370'
System info: os.name: 'Windows 11', os.arch: 'amd64', os.version: '10.0', java.version: '17.0.7'
Driver info: org.openqa.selenium.chrome.ChromeDriver
Command: [null, close {}]
Capabilities {acceptInsecureCerts: false, browserName: chrome, browserVersion: 124.0.6367.60, chrome: {chromedriverVersion: 124.0.6367.60 (8771130bd84f..., userDataDir: C:\Users\Lenovo\AppData\Loc...}, fedcm:accounts: true, goog:chromeOptions: {debuggerAddress: localhost:58900}, networkConnectionEnabled: false, pageLoadStrategy: normal, platformName: windows, proxy: Proxy(), se:cdp: ws://localhost:58900/devtoo..., se:cdpVersion: 124.0.6367.60, setWindowRect: true, strictFileInteractability: false, timeouts: {implicit: 0, pageLoad: 300000, script: 30000}, unhandledPromptBehavior: dismiss and notify, webauthn:extension:credBlob: true, webauthn:extension:largeBlob: true, webauthn:extension:minPinLength: true, webauthn:extension:prf: true, webauthn:virtualAuthenticators: true}
13:33:18.613 [main] INFO  i.g.bonigarcia.wdm.WebDriverManager - Using chromedriver 124.0.6367.60 (resolved driver for Chrome 124)
13:33:18.646 [main] INFO  i.g.bonigarcia.wdm.WebDriverManager - Exporting webdriver.chrome.driver as C:\Users\Lenovo\.cache\selenium\chromedriver\win64\124.0.6367.60\chromedriver.exe
13:33:21.227 [main] WARN  o.o.s.devtools.CdpVersionFinder - Unable to find an exact match for CDP version 124, returning the closest version; found: 123; Please update to a Selenium version that supports CDP version 124
13:33:21.244 [main] INFO  c.w.stepdefinitions.Hooks - Started scenario: Add a single Iteam to the cart and verify price consistency
13:33:25.198 [main] INFO  c.w.stepdefinitions.Hooks - Driver object initialized and launching web application
13:33:25.200 [main] INFO  c.w.s.SearchProductStepDefinitions - Amazon Page is loaded successfully
13:33:25.201 [main] INFO  c.w.s.SearchProductStepDefinitions - Entring text into search bar
13:33:28.377 [main] INFO  c.w.s.SearchProductStepDefinitions - Saving Product name into ProductWorld: Dell 14 Laptop, 12th Gen Intel Core i3-1215U Processor/8GB/512GB SSD/Intel UHD Graphics/14.0"(35.56cm) FHD/Windows 11 + MSO'21/15 Month McAfee/Spill-Resistant Keyboard/Grey/Thin & Light 1.48kg
13:33:28.436 [main] INFO  c.w.s.SearchProductStepDefinitions - Saving Product price into ProductWorld:34990
13:33:28.526 [main] INFO  c.w.s.ShoppingCartStepDefinitions - Saving cart Product Count into ProductWorld: 0
13:33:39.193 [main] ERROR c.w.utilities.ElementActionUtilites - Element By.xpath: //span[@id='submit.add-to-cart'] not clicked within the specified timeout.
13:33:40.385 [main] INFO  c.w.stepdefinitions.Hooks - Quitting web Driver object
13:33:40.385 [main] INFO  c.w.stepdefinitions.Hooks - Finished scenario: Add a single Iteam to the cart and verify price consistency
13:33:40.387 [main] WARN  o.s.b.f.s.DisposableBeanAdapter - Custom destroy method 'close' on bean with name 'webDriver' propagated an exception: org.openqa.selenium.NoSuchSessionException: Session ID is null. Using WebDriver after calling quit()?
Build info: version: '4.14.1', revision: '03f8ede370'
System info: os.name: 'Windows 11', os.arch: 'amd64', os.version: '10.0', java.version: '17.0.7'
Driver info: org.openqa.selenium.chrome.ChromeDriver
Command: [null, close {}]
Capabilities {acceptInsecureCerts: false, browserName: chrome, browserVersion: 124.0.6367.60, chrome: {chromedriverVersion: 124.0.6367.60 (8771130bd84f..., userDataDir: C:\Users\Lenovo\AppData\Loc...}, fedcm:accounts: true, goog:chromeOptions: {debuggerAddress: localhost:59105}, networkConnectionEnabled: false, pageLoadStrategy: normal, platformName: windows, proxy: Proxy(), se:cdp: ws://localhost:59105/devtoo..., se:cdpVersion: 124.0.6367.60, setWindowRect: true, strictFileInteractability: false, timeouts: {implicit: 0, pageLoad: 300000, script: 30000}, unhandledPromptBehavior: dismiss and notify, webauthn:extension:credBlob: true, webauthn:extension:largeBlob: true, webauthn:extension:minPinLength: true, webauthn:extension:prf: true, webauthn:virtualAuthenticators: true}
13:33:40.419 [main] INFO  i.g.bonigarcia.wdm.WebDriverManager - Using chromedriver 124.0.6367.60 (resolved driver for Chrome 124)
13:33:40.437 [main] INFO  i.g.bonigarcia.wdm.WebDriverManager - Exporting webdriver.chrome.driver as C:\Users\Lenovo\.cache\selenium\chromedriver\win64\124.0.6367.60\chromedriver.exe
13:33:42.500 [main] WARN  o.o.s.devtools.CdpVersionFinder - Unable to find an exact match for CDP version 124, returning the closest version; found: 123; Please update to a Selenium version that supports CDP version 124
13:33:42.524 [main] INFO  c.w.stepdefinitions.Hooks - Started scenario: Add a multiple product to the cart and verify price consistency
13:33:54.076 [main] INFO  c.w.stepdefinitions.Hooks - Driver object initialized and launching web application
13:33:54.085 [main] INFO  c.w.s.SearchProductStepDefinitions - Amazon Page is loaded successfully
13:33:54.090 [main] INFO  c.w.s.SearchProductStepDefinitions - Entring text into search bar
13:33:58.209 [main] INFO  c.w.s.SearchProductStepDefinitions - Saving Product name into ProductWorld: CrossBeats Roar 2.0 Hybrid ANC Headphones, Bluetooth Wireless Over Ear Headphones 40db Active Noise Cancelling, 85hours Playtime, Fast Charge, Ambient Sound Mode,47mm Driver, Built-in Equalizer Black
13:33:58.262 [main] INFO  c.w.s.SearchProductStepDefinitions - Saving Product price into ProductWorld:3699
13:33:58.327 [main] INFO  c.w.s.ShoppingCartStepDefinitions - Saving cart Product Count into ProductWorld: 0
13:34:15.896 [main] INFO  c.w.s.ShoppingCartStepDefinitions - Iteam added to the card successfully
13:34:15.898 [main] INFO  c.w.s.SearchProductStepDefinitions - Entring text into search bar
13:34:18.918 [main] INFO  c.w.s.SearchProductStepDefinitions - Saving Product name into ProductWorld: Logitech Pebble Keys 2 K380s, Multi-Device Bluetooth Wireless Keyboard with Customisable Shortcuts, Slim and Portable, Easy-Switch for Windows, macOS, iPadOS, Android, Chrome OS - Tonal Graphite
13:34:18.949 [main] INFO  c.w.s.SearchProductStepDefinitions - Saving Product price into ProductWorld:2900
13:34:19.003 [main] INFO  c.w.s.ShoppingCartStepDefinitions - Saving cart Product Count into ProductWorld: 1
13:34:30.880 [main] INFO  c.w.s.ShoppingCartStepDefinitions - Iteam added to the card successfully
13:34:32.112 [main] INFO  c.w.s.ShoppingCartStepDefinitions - User clicked on Shopping Cart
13:34:32.158 [main] INFO  c.w.s.ShoppingCartStepDefinitions - Getting actaul product price from cart: 2900
13:34:32.159 [main] INFO  c.w.s.ShoppingCartStepDefinitions - Getting actaul product price from Product word: 2900
13:34:32.160 [main] INFO  c.w.s.ShoppingCartStepDefinitions - Verifying the product price is identical :2900
2900
13:34:32.220 [main] INFO  c.w.s.ShoppingCartStepDefinitions - Cart Product Count is : 2
13:34:32.220 [main] INFO  c.w.s.ShoppingCartStepDefinitions - Product Price is: 2900
13:34:32.260 [main] INFO  c.w.s.ShoppingCartStepDefinitions - Saving Product Subtotal into ProductWorld: 6599
13:34:32.261 [main] INFO  c.w.s.ShoppingCartStepDefinitions - Verifying Product Subtotal on cart: 6599
13:34:33.246 [main] INFO  c.w.stepdefinitions.Hooks - Quitting web Driver object
13:34:33.247 [main] INFO  c.w.stepdefinitions.Hooks - Finished scenario: Add a multiple product to the cart and verify price consistency
13:34:33.267 [main] WARN  o.s.b.f.s.DisposableBeanAdapter - Custom destroy method 'close' on bean with name 'webDriver' propagated an exception: org.openqa.selenium.NoSuchSessionException: Session ID is null. Using WebDriver after calling quit()?
Build info: version: '4.14.1', revision: '03f8ede370'
System info: os.name: 'Windows 11', os.arch: 'amd64', os.version: '10.0', java.version: '17.0.7'
Driver info: org.openqa.selenium.chrome.ChromeDriver
Command: [null, close {}]
Capabilities {acceptInsecureCerts: false, browserName: chrome, browserVersion: 124.0.6367.60, chrome: {chromedriverVersion: 124.0.6367.60 (8771130bd84f..., userDataDir: C:\Users\Lenovo\AppData\Loc...}, fedcm:accounts: true, goog:chromeOptions: {debuggerAddress: localhost:59269}, networkConnectionEnabled: false, pageLoadStrategy: normal, platformName: windows, proxy: Proxy(), se:cdp: ws://localhost:59269/devtoo..., se:cdpVersion: 124.0.6367.60, setWindowRect: true, strictFileInteractability: false, timeouts: {implicit: 0, pageLoad: 300000, script: 30000}, unhandledPromptBehavior: dismiss and notify, webauthn:extension:credBlob: true, webauthn:extension:largeBlob: true, webauthn:extension:minPinLength: true, webauthn:extension:prf: true, webauthn:virtualAuthenticators: true}
13:34:45.414 [main] INFO  c.w.stepdefinitions.BaseDefinition - Starting BaseDefinition using Java 17.0.7 with PID 240532 (D:\Java Notes\JAVA\WebAutomationAssignment\target\classes started by Lenovo in D:\Java Notes\JAVA\WebAutomationAssignment)
13:34:45.474 [main] INFO  c.w.stepdefinitions.BaseDefinition - No active profile set, falling back to 1 default profile: "default"
13:34:45.747 [main] INFO  c.w.stepdefinitions.BaseDefinition - Started BaseDefinition in 0.728 seconds (process running for 3.14)
13:34:46.122 [main] INFO  i.g.bonigarcia.wdm.WebDriverManager - Using chromedriver 124.0.6367.60 (resolved driver for Chrome 124)
13:34:46.183 [main] INFO  i.g.bonigarcia.wdm.WebDriverManager - Exporting webdriver.chrome.driver as C:\Users\Lenovo\.cache\selenium\chromedriver\win64\124.0.6367.60\chromedriver.exe
13:34:49.527 [main] WARN  o.o.s.devtools.CdpVersionFinder - Unable to find an exact match for CDP version 124, returning the closest version; found: 123; Please update to a Selenium version that supports CDP version 124
13:34:50.547 [main] INFO  c.w.stepdefinitions.Hooks - Started scenario: Add a single Iteam to the cart and verify price consistency
13:34:55.669 [main] INFO  c.w.stepdefinitions.Hooks - Driver object initialized and launching web application
13:34:55.706 [main] INFO  c.w.s.SearchProductStepDefinitions - Amazon Page is loaded successfully
13:34:55.741 [main] INFO  c.w.s.SearchProductStepDefinitions - Entring text into search bar
13:34:58.751 [main] INFO  c.w.s.SearchProductStepDefinitions - Saving Product name into ProductWorld: HP M22f 21.5-inches, 54.6 cm, FHD Monitor Eye Safe Certified Full HD IPS 3-Sided Micro-Edge Monitor, 75Hz, AMD Free Sync with 1xVGA, 1xHDMI 1.4 Ports, 300 nits (Silver, 1920 x 1080 Pixels)
13:34:58.811 [main] INFO  c.w.s.SearchProductStepDefinitions - Saving Product price into ProductWorld:9099
13:34:58.971 [main] INFO  c.w.s.ShoppingCartStepDefinitions - Saving cart Product Count into ProductWorld: 0
13:35:10.879 [main] INFO  c.w.s.ShoppingCartStepDefinitions - Iteam added to the card successfully
13:35:12.342 [main] INFO  c.w.s.ShoppingCartStepDefinitions - User clicked on Shopping Cart
13:35:12.382 [main] INFO  c.w.s.ShoppingCartStepDefinitions - Getting actaul product price from cart: 9099
13:35:12.383 [main] INFO  c.w.s.ShoppingCartStepDefinitions - Getting actaul product price from Product word: 9099
13:35:12.385 [main] INFO  c.w.s.ShoppingCartStepDefinitions - Verifying the product price is identical :9099
9099
13:35:12.437 [main] INFO  c.w.s.ShoppingCartStepDefinitions - Cart Product Count is : 1
13:35:12.438 [main] INFO  c.w.s.ShoppingCartStepDefinitions - Product Price is: 9099
13:35:12.476 [main] INFO  c.w.s.ShoppingCartStepDefinitions - Saving Product Subtotal into ProductWorld: 9099
13:35:12.477 [main] INFO  c.w.s.ShoppingCartStepDefinitions - Verifying Product Subtotal on cart: 9099
13:35:13.015 [main] INFO  c.w.stepdefinitions.Hooks - Quitting web Driver object
13:35:13.015 [main] INFO  c.w.stepdefinitions.Hooks - Finished scenario: Add a single Iteam to the cart and verify price consistency
13:35:13.029 [main] WARN  o.s.b.f.s.DisposableBeanAdapter - Custom destroy method 'close' on bean with name 'webDriver' propagated an exception: org.openqa.selenium.NoSuchSessionException: Session ID is null. Using WebDriver after calling quit()?
Build info: version: '4.14.1', revision: '03f8ede370'
System info: os.name: 'Windows 11', os.arch: 'amd64', os.version: '10.0', java.version: '17.0.7'
Driver info: org.openqa.selenium.chrome.ChromeDriver
Command: [null, close {}]
Capabilities {acceptInsecureCerts: false, browserName: chrome, browserVersion: 124.0.6367.60, chrome: {chromedriverVersion: 124.0.6367.60 (8771130bd84f..., userDataDir: C:\Users\Lenovo\AppData\Loc...}, fedcm:accounts: true, goog:chromeOptions: {debuggerAddress: localhost:59549}, networkConnectionEnabled: false, pageLoadStrategy: normal, platformName: windows, proxy: Proxy(), se:cdp: ws://localhost:59549/devtoo..., se:cdpVersion: 124.0.6367.60, setWindowRect: true, strictFileInteractability: false, timeouts: {implicit: 0, pageLoad: 300000, script: 30000}, unhandledPromptBehavior: dismiss and notify, webauthn:extension:credBlob: true, webauthn:extension:largeBlob: true, webauthn:extension:minPinLength: true, webauthn:extension:prf: true, webauthn:virtualAuthenticators: true}
13:35:13.080 [main] INFO  i.g.bonigarcia.wdm.WebDriverManager - Using chromedriver 124.0.6367.60 (resolved driver for Chrome 124)
13:35:13.117 [main] INFO  i.g.bonigarcia.wdm.WebDriverManager - Exporting webdriver.chrome.driver as C:\Users\Lenovo\.cache\selenium\chromedriver\win64\124.0.6367.60\chromedriver.exe
13:35:15.027 [main] WARN  o.o.s.devtools.CdpVersionFinder - Unable to find an exact match for CDP version 124, returning the closest version; found: 123; Please update to a Selenium version that supports CDP version 124
13:35:15.048 [main] INFO  c.w.stepdefinitions.Hooks - Started scenario: Add a single Iteam to the cart and verify price consistency
13:35:23.990 [main] INFO  c.w.stepdefinitions.Hooks - Driver object initialized and launching web application
13:35:23.997 [main] INFO  c.w.s.SearchProductStepDefinitions - Amazon Page is loaded successfully
13:35:24.000 [main] INFO  c.w.s.SearchProductStepDefinitions - Entring text into search bar
13:35:27.117 [main] INFO  c.w.s.SearchProductStepDefinitions - Saving Product name into ProductWorld: Dell 14 Laptop, 12th Gen Intel Core i3-1215U Processor/8GB/512GB SSD/Intel UHD Graphics/14.0"(35.56cm) FHD/Windows 11 + MSO'21/15 Month McAfee/Spill-Resistant Keyboard/Grey/Thin & Light 1.48kg
13:35:27.186 [main] INFO  c.w.s.SearchProductStepDefinitions - Saving Product price into ProductWorld:34990
13:35:27.435 [main] INFO  c.w.s.ShoppingCartStepDefinitions - Saving cart Product Count into ProductWorld: 0
13:35:38.119 [main] ERROR c.w.utilities.ElementActionUtilites - Element By.xpath: //span[@id='submit.add-to-cart'] not clicked within the specified timeout.
13:35:38.975 [main] INFO  c.w.stepdefinitions.Hooks - Quitting web Driver object
13:35:38.976 [main] INFO  c.w.stepdefinitions.Hooks - Finished scenario: Add a single Iteam to the cart and verify price consistency
13:35:38.978 [main] WARN  o.s.b.f.s.DisposableBeanAdapter - Custom destroy method 'close' on bean with name 'webDriver' propagated an exception: org.openqa.selenium.NoSuchSessionException: Session ID is null. Using WebDriver after calling quit()?
Build info: version: '4.14.1', revision: '03f8ede370'
System info: os.name: 'Windows 11', os.arch: 'amd64', os.version: '10.0', java.version: '17.0.7'
Driver info: org.openqa.selenium.chrome.ChromeDriver
Command: [null, close {}]
Capabilities {acceptInsecureCerts: false, browserName: chrome, browserVersion: 124.0.6367.60, chrome: {chromedriverVersion: 124.0.6367.60 (8771130bd84f..., userDataDir: C:\Users\Lenovo\AppData\Loc...}, fedcm:accounts: true, goog:chromeOptions: {debuggerAddress: localhost:59733}, networkConnectionEnabled: false, pageLoadStrategy: normal, platformName: windows, proxy: Proxy(), se:cdp: ws://localhost:59733/devtoo..., se:cdpVersion: 124.0.6367.60, setWindowRect: true, strictFileInteractability: false, timeouts: {implicit: 0, pageLoad: 300000, script: 30000}, unhandledPromptBehavior: dismiss and notify, webauthn:extension:credBlob: true, webauthn:extension:largeBlob: true, webauthn:extension:minPinLength: true, webauthn:extension:prf: true, webauthn:virtualAuthenticators: true}
13:35:39.025 [main] INFO  i.g.bonigarcia.wdm.WebDriverManager - Using chromedriver 124.0.6367.60 (resolved driver for Chrome 124)
13:35:39.051 [main] INFO  i.g.bonigarcia.wdm.WebDriverManager - Exporting webdriver.chrome.driver as C:\Users\Lenovo\.cache\selenium\chromedriver\win64\124.0.6367.60\chromedriver.exe
13:35:41.133 [main] WARN  o.o.s.devtools.CdpVersionFinder - Unable to find an exact match for CDP version 124, returning the closest version; found: 123; Please update to a Selenium version that supports CDP version 124
13:35:41.157 [main] INFO  c.w.stepdefinitions.Hooks - Started scenario: Add a multiple product to the cart and verify price consistency
13:35:44.760 [main] INFO  c.w.stepdefinitions.Hooks - Driver object initialized and launching web application
13:35:44.764 [main] INFO  c.w.s.SearchProductStepDefinitions - Amazon Page is loaded successfully
13:35:44.766 [main] INFO  c.w.s.SearchProductStepDefinitions - Entring text into search bar
13:35:47.238 [main] INFO  c.w.s.SearchProductStepDefinitions - Saving Product name into ProductWorld: CrossBeats Roar 2.0 Hybrid ANC Headphones, Bluetooth Wireless Over Ear Headphones 40db Active Noise Cancelling, 85hours Playtime, Fast Charge, Ambient Sound Mode,47mm Driver, Built-in Equalizer Black
13:35:47.328 [main] INFO  c.w.s.SearchProductStepDefinitions - Saving Product price into ProductWorld:3699
13:35:47.530 [main] INFO  c.w.s.ShoppingCartStepDefinitions - Saving cart Product Count into ProductWorld: 0
13:35:56.643 [main] INFO  c.w.s.ShoppingCartStepDefinitions - Iteam added to the card successfully
13:35:56.644 [main] INFO  c.w.s.SearchProductStepDefinitions - Entring text into search bar
13:36:00.189 [main] INFO  c.w.s.SearchProductStepDefinitions - Saving Product name into ProductWorld: Logitech Pebble Keys 2 K380s, Multi-Device Bluetooth Wireless Keyboard with Customisable Shortcuts, Slim and Portable, Easy-Switch for Windows, macOS, iPadOS, Android, Chrome OS - Tonal Graphite
13:36:00.268 [main] INFO  c.w.s.SearchProductStepDefinitions - Saving Product price into ProductWorld:2900
13:36:00.327 [main] INFO  c.w.s.ShoppingCartStepDefinitions - Saving cart Product Count into ProductWorld: 1
13:36:09.971 [main] INFO  c.w.s.ShoppingCartStepDefinitions - Iteam added to the card successfully
13:36:11.440 [main] INFO  c.w.s.ShoppingCartStepDefinitions - User clicked on Shopping Cart
13:36:11.480 [main] INFO  c.w.s.ShoppingCartStepDefinitions - Getting actaul product price from cart: 2900
13:36:11.480 [main] INFO  c.w.s.ShoppingCartStepDefinitions - Getting actaul product price from Product word: 2900
13:36:11.481 [main] INFO  c.w.s.ShoppingCartStepDefinitions - Verifying the product price is identical :2900
2900
13:36:11.537 [main] INFO  c.w.s.ShoppingCartStepDefinitions - Cart Product Count is : 2
13:36:11.537 [main] INFO  c.w.s.ShoppingCartStepDefinitions - Product Price is: 2900
13:36:11.581 [main] INFO  c.w.s.ShoppingCartStepDefinitions - Saving Product Subtotal into ProductWorld: 6599
13:36:11.581 [main] INFO  c.w.s.ShoppingCartStepDefinitions - Verifying Product Subtotal on cart: 6599
13:36:12.167 [main] INFO  c.w.stepdefinitions.Hooks - Quitting web Driver object
13:36:12.168 [main] INFO  c.w.stepdefinitions.Hooks - Finished scenario: Add a multiple product to the cart and verify price consistency
13:36:12.171 [main] WARN  o.s.b.f.s.DisposableBeanAdapter - Custom destroy method 'close' on bean with name 'webDriver' propagated an exception: org.openqa.selenium.NoSuchSessionException: Session ID is null. Using WebDriver after calling quit()?
Build info: version: '4.14.1', revision: '03f8ede370'
System info: os.name: 'Windows 11', os.arch: 'amd64', os.version: '10.0', java.version: '17.0.7'
Driver info: org.openqa.selenium.chrome.ChromeDriver
Command: [null, close {}]
Capabilities {acceptInsecureCerts: false, browserName: chrome, browserVersion: 124.0.6367.60, chrome: {chromedriverVersion: 124.0.6367.60 (8771130bd84f..., userDataDir: C:\Users\Lenovo\AppData\Loc...}, fedcm:accounts: true, goog:chromeOptions: {debuggerAddress: localhost:59912}, networkConnectionEnabled: false, pageLoadStrategy: normal, platformName: windows, proxy: Proxy(), se:cdp: ws://localhost:59912/devtoo..., se:cdpVersion: 124.0.6367.60, setWindowRect: true, strictFileInteractability: false, timeouts: {implicit: 0, pageLoad: 300000, script: 30000}, unhandledPromptBehavior: dismiss and notify, webauthn:extension:credBlob: true, webauthn:extension:largeBlob: true, webauthn:extension:minPinLength: true, webauthn:extension:prf: true, webauthn:virtualAuthenticators: true}
