<?xml version="1.0" encoding="UTF-8"?>
<!-- Generated by org.testng.reporters.JUnitReportReporter -->
<testsuite hostname="DESKTOP-B4E308O" failures="1" tests="3" name="runner.CucumberRunner" time="79.019" errors="1" timestamp="2024-04-19T17:08:26 IST" skipped="0">
  <testcase classname="runner.CucumberRunner" name="runScenario" time="29.568">
    <failure message="expected [8999] but found [799]" type="java.lang.AssertionError">
      <![CDATA[java.lang.AssertionError: expected [8999] but found [799]
at org.testng.Assert.fail(Assert.java:99)
at org.testng.Assert.failNotEquals(Assert.java:1037)
at org.testng.Assert.assertEqualsImpl(Assert.java:140)
at org.testng.Assert.assertEquals(Assert.java:122)
at org.testng.Assert.assertEquals(Assert.java:907)
at org.testng.Assert.assertEquals(Assert.java:917)
at com.webautomation.stepdefinitions.ShoppingCartStepDefinitions.iVerifyPriceIdentical(ShoppingCartStepDefinitions.java:43)
at ✽.I verify that the price is identical to the product page(file:///D:/Java%20Notes/JAVA/WebAutomationAssignment/src/main/resources/features/ShoppingCart.feature:28)
]]>
    </failure>
  </testcase> <!-- runScenario -->
  <system-out/>
  <testcase classname="runner.CucumberRunner" name="runScenario" time="22.175">
    <error message="Expected condition failed: waiting for element to be clickable: By.xpath: //span[@id=&#039;submit.add-to-cart&#039;] (tried for 10 second(s) with 500 milliseconds interval)
Build info: version: &#039;4.14.1&#039;, revision: &#039;03f8ede370&#039;
System info: os.name: &#039;Windows 11&#039;, os.arch: &#039;amd64&#039;, os.version: &#039;10.0&#039;, java.version: &#039;17.0.7&#039;
Driver info: org.openqa.selenium.chrome.ChromeDriver
Capabilities {acceptInsecureCerts: false, browserName: chrome, browserVersion: 124.0.6367.60, chrome: {chromedriverVersion: 124.0.6367.60 (8771130bd84f..., userDataDir: C:\Users\Lenovo\AppData\Loc...}, fedcm:accounts: true, goog:chromeOptions: {debuggerAddress: localhost:58280}, networkConnectionEnabled: false, pageLoadStrategy: normal, platformName: windows, proxy: Proxy(), se:cdp: ws://localhost:58280/devtoo..., se:cdpVersion: 124.0.6367.60, setWindowRect: true, strictFileInteractability: false, timeouts: {implicit: 0, pageLoad: 300000, script: 30000}, unhandledPromptBehavior: dismiss and notify, webauthn:extension:credBlob: true, webauthn:extension:largeBlob: true, webauthn:extension:minPinLength: true, webauthn:extension:prf: true, webauthn:virtualAuthenticators: true}
Session ID: ffe5bf6c8983d31754567d1ce409133e" type="org.openqa.selenium.TimeoutException">
      <![CDATA[org.openqa.selenium.TimeoutException: Expected condition failed: waiting for element to be clickable: By.xpath: //span[@id='submit.add-to-cart'] (tried for 10 second(s) with 500 milliseconds interval)
Build info: version: '4.14.1', revision: '03f8ede370'
System info: os.name: 'Windows 11', os.arch: 'amd64', os.version: '10.0', java.version: '17.0.7'
Driver info: org.openqa.selenium.chrome.ChromeDriver
Capabilities {acceptInsecureCerts: false, browserName: chrome, browserVersion: 124.0.6367.60, chrome: {chromedriverVersion: 124.0.6367.60 (8771130bd84f..., userDataDir: C:\Users\Lenovo\AppData\Loc...}, fedcm:accounts: true, goog:chromeOptions: {debuggerAddress: localhost:58280}, networkConnectionEnabled: false, pageLoadStrategy: normal, platformName: windows, proxy: Proxy(), se:cdp: ws://localhost:58280/devtoo..., se:cdpVersion: 124.0.6367.60, setWindowRect: true, strictFileInteractability: false, timeouts: {implicit: 0, pageLoad: 300000, script: 30000}, unhandledPromptBehavior: dismiss and notify, webauthn:extension:credBlob: true, webauthn:extension:largeBlob: true, webauthn:extension:minPinLength: true, webauthn:extension:prf: true, webauthn:virtualAuthenticators: true}
Session ID: ffe5bf6c8983d31754567d1ce409133e
at org.openqa.selenium.support.ui.WebDriverWait.timeoutException(WebDriverWait.java:84)
at org.openqa.selenium.support.ui.FluentWait.until(FluentWait.java:230)
at com.webautomation.utilities.ElementActionUtilites.waitUntilElementClickable(ElementActionUtilites.java:42)
at com.webautomation.pom.SearchResultsPage.clickProductNameLinkForAddToCart(SearchResultsPage.java:46)
at com.webautomation.stepdefinitions.ShoppingCartStepDefinitions.iadditeamtocart(ShoppingCartStepDefinitions.java:21)
at ✽.I add the 1 item to the cart by clicking on Add to Cart(file:///D:/Java%20Notes/JAVA/WebAutomationAssignment/src/main/resources/features/ShoppingCart.feature:8)
]]>
    </error>
  </testcase> <!-- runScenario -->
  <system-out/>
  <testcase classname="runner.CucumberRunner" name="runScenario" time="27.276"/>
  <system-out/>
</testsuite> <!-- runner.CucumberRunner -->
